17:10:02.990 DEBUG com.eme.ims.client.MessageClient - [connect] connect to server successfully!
17:10:02.991 DEBUG com.eme.ims.servlet.ImsWebClient - [initialize] connected to server successfully.
17:10:02.993 DEBUG com.eme.ims.client.MessageClient - [sessionIsAvailable] session is available
17:10:03.007 DEBUG com.eme.ims.server.TextMessageHandler - [messageReceived] message received...
17:10:03.016 DEBUG c.e.ims.server.handler.ConnectionHandler - [connect] connection[00000-00000-00000-00000-00000-000001] has been registed in connection pool...
17:10:51.554 DEBUG com.eme.ims.client.MessageClient - [connect] connect to server successfully!
17:10:51.555 DEBUG com.eme.ims.servlet.ImsWebClient - [initialize] connected to server successfully.
17:10:51.557 DEBUG com.eme.ims.client.MessageClient - [sessionIsAvailable] session is available
17:10:51.567 DEBUG com.eme.ims.server.TextMessageHandler - [messageReceived] message received...
17:10:51.569 DEBUG c.e.ims.server.handler.ConnectionHandler - [connect] connection[00000-00000-00000-00000-00000-000001] has been registed in connection pool...
17:12:39.829 DEBUG com.eme.ims.client.MessageClient - [connect] connect to server successfully!
17:12:39.831 DEBUG com.eme.ims.servlet.ImsWebClient - [initialize] connected to server successfully.
17:12:39.832 DEBUG com.eme.ims.client.MessageClient - [sessionIsAvailable] session is available
17:12:39.844 DEBUG com.eme.ims.server.TextMessageHandler - [messageReceived] message received...
17:12:39.846 DEBUG c.e.ims.server.handler.ConnectionHandler - [connect] connection[00000-00000-00000-00000-00000-000001] has been registed in connection pool...
17:14:32.095 DEBUG com.eme.ims.client.MessageClient - [connect] connect to server successfully!
17:14:32.096 DEBUG com.eme.ims.servlet.ImsWebClient - [initialize] connected to server successfully.
17:14:32.097 DEBUG com.eme.ims.client.MessageClient - [sessionIsAvailable] session is available
17:14:32.105 DEBUG com.eme.ims.server.TextMessageHandler - [messageReceived] message received...
17:14:32.109 DEBUG c.e.ims.server.handler.ConnectionHandler - [connect] connection[00000-00000-00000-00000-00000-000001] has been registed in connection pool...
17:14:44.458 DEBUG com.eme.ims.client.MessageClient - [connect] connect to server successfully!
17:14:44.460 DEBUG com.eme.ims.servlet.ImsWebClient - [initialize] connected to server successfully.
17:14:44.461 DEBUG com.eme.ims.client.MessageClient - [sessionIsAvailable] session is available
17:14:44.473 DEBUG com.eme.ims.server.TextMessageHandler - [messageReceived] message received...
17:14:44.475 DEBUG c.e.ims.server.handler.ConnectionHandler - [connect] connection[00000-00000-00000-00000-00000-000001] has been registed in connection pool...
17:16:04.893 DEBUG com.eme.ims.client.MessageClient - [connect] connect to server successfully!
17:16:04.894 DEBUG com.eme.ims.servlet.ImsWebClient - [initialize] connected to server successfully.
17:16:04.895 DEBUG com.eme.ims.client.MessageClient - [sessionIsAvailable] session is available
17:16:04.907 DEBUG com.eme.ims.server.TextMessageHandler - [messageReceived] message received...
17:16:04.909 DEBUG c.e.ims.server.handler.ConnectionHandler - [connect] connection[00000-00000-00000-00000-00000-000001] has been registed in connection pool...
